2019-01-15T05:26:13 INFO Local server started at port 3333
2019-01-15T05:26:13 ERROR uncaughtException: db.collection is not a function
	{"date":"Tue Jan 15 2019 10:56:13 GMT+0530 (India Standard Time)","process":{"pid":84630,"uid":501,"gid":20,"cwd":"/Users/pranjalsharma/Documents/kaktwans/apiGateWay","execPath":"/usr/local/bin/node","version":"v11.0.0","argv":["/usr/local/bin/node","/Users/pranjalsharma/Documents/kaktwans/apiGateWay/index.js"],"memoryUsage":{"rss":52789248,"heapTotal":35340288,"heapUsed":16471128,"external":19160544}},"os":{"loadavg":[1.44189453125,1.64990234375,1.828125],"uptime":5827411},"trace":[{"column":14,"file":"/Users/pranjalsharma/Documents/kaktwans/apiGateWay/models/crud.js","function":null,"line":13,"method":null,"native":false},{"column":17,"file":"/Users/pranjalsharma/Documents/kaktwans/apiGateWay/node_modules/mongodb/lib/utils.js","function":"result","line":414,"method":null,"native":false},{"column":9,"file":"/Users/pranjalsharma/Documents/kaktwans/apiGateWay/node_modules/mongodb/lib/utils.js","function":"executeCallback","line":406,"method":null,"native":false},{"column":5,"file":"/Users/pranjalsharma/Documents/kaktwans/apiGateWay/node_modules/mongodb/lib/operations/mongo_client_ops.js","function":"err","line":286,"method":null,"native":false},{"column":5,"file":"/Users/pranjalsharma/Documents/kaktwans/apiGateWay/node_modules/mongodb/lib/operations/mongo_client_ops.js","function":"connectCallback","line":241,"method":null,"native":false},{"column":7,"file":"/Users/pranjalsharma/Documents/kaktwans/apiGateWay/node_modules/mongodb/lib/operations/mongo_client_ops.js","function":"process.nextTick","line":463,"method":"nextTick","native":false},{"column":11,"file":"internal/process/next_tick.js","function":"process.internalTickCallback","line":70,"method":"internalTickCallback","native":false}],"stack":["TypeError: db.collection is not a function","    at /Users/pranjalsharma/Documents/kaktwans/apiGateWay/models/crud.js:13:14","    at result (/Users/pranjalsharma/Documents/kaktwans/apiGateWay/node_modules/mongodb/lib/utils.js:414:17)","    at executeCallback (/Users/pranjalsharma/Documents/kaktwans/apiGateWay/node_modules/mongodb/lib/utils.js:406:9)","    at err (/Users/pranjalsharma/Documents/kaktwans/apiGateWay/node_modules/mongodb/lib/operations/mongo_client_ops.js:286:5)","    at connectCallback (/Users/pranjalsharma/Documents/kaktwans/apiGateWay/node_modules/mongodb/lib/operations/mongo_client_ops.js:241:5)","    at process.nextTick (/Users/pranjalsharma/Documents/kaktwans/apiGateWay/node_modules/mongodb/lib/operations/mongo_client_ops.js:463:7)","    at process.internalTickCallback (internal/process/next_tick.js:70:11)"]}
2019-01-15T05:29:29 INFO Local server started at port 3333
2019-01-15T05:29:29 ERROR uncaughtException: db.collection is not a function
	{"date":"Tue Jan 15 2019 10:59:29 GMT+0530 (India Standard Time)","process":{"pid":84707,"uid":501,"gid":20,"cwd":"/Users/pranjalsharma/Documents/kaktwans/apiGateWay","execPath":"/usr/local/bin/node","version":"v11.0.0","argv":["/usr/local/bin/node","/Users/pranjalsharma/Documents/kaktwans/apiGateWay/index.js"],"memoryUsage":{"rss":52346880,"heapTotal":34816000,"heapUsed":16339688,"external":19168736}},"os":{"loadavg":[1.27294921875,1.55029296875,1.7490234375],"uptime":5827607},"trace":[{"column":27,"file":"/Users/pranjalsharma/Documents/kaktwans/apiGateWay/models/crud.js","function":null,"line":13,"method":null,"native":false},{"column":17,"file":"/Users/pranjalsharma/Documents/kaktwans/apiGateWay/node_modules/mongodb/lib/utils.js","function":"result","line":414,"method":null,"native":false},{"column":9,"file":"/Users/pranjalsharma/Documents/kaktwans/apiGateWay/node_modules/mongodb/lib/utils.js","function":"executeCallback","line":406,"method":null,"native":false},{"column":5,"file":"/Users/pranjalsharma/Documents/kaktwans/apiGateWay/node_modules/mongodb/lib/operations/mongo_client_ops.js","function":"err","line":286,"method":null,"native":false},{"column":5,"file":"/Users/pranjalsharma/Documents/kaktwans/apiGateWay/node_modules/mongodb/lib/operations/mongo_client_ops.js","function":"connectCallback","line":241,"method":null,"native":false},{"column":7,"file":"/Users/pranjalsharma/Documents/kaktwans/apiGateWay/node_modules/mongodb/lib/operations/mongo_client_ops.js","function":"process.nextTick","line":463,"method":"nextTick","native":false},{"column":11,"file":"internal/process/next_tick.js","function":"process.internalTickCallback","line":70,"method":"internalTickCallback","native":false}],"stack":["TypeError: db.collection is not a function","    at /Users/pranjalsharma/Documents/kaktwans/apiGateWay/models/crud.js:13:27","    at result (/Users/pranjalsharma/Documents/kaktwans/apiGateWay/node_modules/mongodb/lib/utils.js:414:17)","    at executeCallback (/Users/pranjalsharma/Documents/kaktwans/apiGateWay/node_modules/mongodb/lib/utils.js:406:9)","    at err (/Users/pranjalsharma/Documents/kaktwans/apiGateWay/node_modules/mongodb/lib/operations/mongo_client_ops.js:286:5)","    at connectCallback (/Users/pranjalsharma/Documents/kaktwans/apiGateWay/node_modules/mongodb/lib/operations/mongo_client_ops.js:241:5)","    at process.nextTick (/Users/pranjalsharma/Documents/kaktwans/apiGateWay/node_modules/mongodb/lib/operations/mongo_client_ops.js:463:7)","    at process.internalTickCallback (internal/process/next_tick.js:70:11)"]}
2019-01-15T05:34:21 ERROR Error occured at /Users/pranjalsharma/Documents/kaktwans/apiGateWay - Error: Cannot find module 'otp-generator'
2019-01-15T05:35:42 ERROR Error occured at /Users/pranjalsharma/Documents/kaktwans/apiGateWay - Error: Cannot find module 'otp-generator'
2019-01-15T05:36:21 INFO Local server started at port 3333
2019-01-15T05:37:43 INFO Local server started at port 3333
2019-01-15T05:38:09 ERROR Error occured at /Users/pranjalsharma/Documents/kaktwans/apiGateWay - SyntaxError: missing ) after argument list
2019-01-15T05:38:28 INFO Local server started at port 3333
2019-01-15T05:38:59 INFO Local server started at port 3333
2019-01-21T09:03:52 INFO Local server started at port 3333
2019-01-21T09:11:21 INFO Local server started at port 3333
2019-01-21T09:19:37 INFO Local server started at port 3333
2019-01-21T09:19:37 ERROR uncaughtException: Cannot set property '_db' of undefined
	{"date":"Mon Jan 21 2019 14:49:37 GMT+0530 (India Standard Time)","process":{"pid":95897,"uid":501,"gid":20,"cwd":"/Users/pranjalsharma/Documents/kaktwans/apiGateWay","execPath":"/usr/local/bin/node","version":"v11.0.0","argv":["/usr/local/bin/node","/Users/pranjalsharma/Documents/kaktwans/apiGateWay/index.js"],"memoryUsage":{"rss":47427584,"heapTotal":33767424,"heapUsed":13762432,"external":18289369}},"os":{"loadavg":[0.8125,1.22314453125,1.4169921875],"uptime":6359831},"trace":[{"column":22,"file":"/Users/pranjalsharma/Documents/kaktwans/apiGateWay/models/crud.js","function":null,"line":11,"method":null,"native":false},{"column":5,"file":"/Users/pranjalsharma/Documents/kaktwans/apiGateWay/node_modules/mongodb/lib/mongo_client.js","function":"connectCallback","line":515,"method":null,"native":false},{"column":11,"file":"/Users/pranjalsharma/Documents/kaktwans/apiGateWay/node_modules/mongodb/lib/mongo_client.js","function":null,"line":430,"method":null,"native":false},{"column":11,"file":"internal/process/next_tick.js","function":"process.internalTickCallback","line":70,"method":"internalTickCallback","native":false}],"stack":["TypeError: Cannot set property '_db' of undefined","    at /Users/pranjalsharma/Documents/kaktwans/apiGateWay/models/crud.js:11:22","    at connectCallback (/Users/pranjalsharma/Documents/kaktwans/apiGateWay/node_modules/mongodb/lib/mongo_client.js:515:5)","    at /Users/pranjalsharma/Documents/kaktwans/apiGateWay/node_modules/mongodb/lib/mongo_client.js:430:11","    at process.internalTickCallback (internal/process/next_tick.js:70:11)"]}
2019-01-21T09:20:34 INFO Local server started at port 3333
2019-01-21T09:20:34 ERROR uncaughtException: Cannot set property '_db' of undefined
	{"date":"Mon Jan 21 2019 14:50:34 GMT+0530 (India Standard Time)","process":{"pid":95899,"uid":501,"gid":20,"cwd":"/Users/pranjalsharma/Documents/kaktwans/apiGateWay","execPath":"/usr/local/bin/node","version":"v11.0.0","argv":["/usr/local/bin/node","/Users/pranjalsharma/Documents/kaktwans/apiGateWay/index.js"],"memoryUsage":{"rss":47906816,"heapTotal":33767424,"heapUsed":13718440,"external":18297561}},"os":{"loadavg":[1.23779296875,1.2705078125,1.4189453125],"uptime":6359888},"trace":[{"column":22,"file":"/Users/pranjalsharma/Documents/kaktwans/apiGateWay/models/crud.js","function":null,"line":11,"method":null,"native":false},{"column":5,"file":"/Users/pranjalsharma/Documents/kaktwans/apiGateWay/node_modules/mongodb/lib/mongo_client.js","function":"connectCallback","line":515,"method":null,"native":false},{"column":11,"file":"/Users/pranjalsharma/Documents/kaktwans/apiGateWay/node_modules/mongodb/lib/mongo_client.js","function":null,"line":430,"method":null,"native":false},{"column":11,"file":"internal/process/next_tick.js","function":"process.internalTickCallback","line":70,"method":"internalTickCallback","native":false}],"stack":["TypeError: Cannot set property '_db' of undefined","    at /Users/pranjalsharma/Documents/kaktwans/apiGateWay/models/crud.js:11:22","    at connectCallback (/Users/pranjalsharma/Documents/kaktwans/apiGateWay/node_modules/mongodb/lib/mongo_client.js:515:5)","    at /Users/pranjalsharma/Documents/kaktwans/apiGateWay/node_modules/mongodb/lib/mongo_client.js:430:11","    at process.internalTickCallback (internal/process/next_tick.js:70:11)"]}
2019-01-21T09:22:06 INFO Local server started at port 3333
2019-01-21T09:23:02 INFO Local server started at port 3333
2019-01-21T09:28:22 INFO Local server started at port 3333
2019-01-21T09:28:53 INFO Local server started at port 3333
2019-01-21T09:55:30 ERROR Error occured at /Users/pranjalsharma/Documents/kaktwans/apiGateWay - Error: Cannot find module 'aws-sdk'
2019-01-21T09:56:14 ERROR Error occured at /Users/pranjalsharma/Documents/kaktwans/apiGateWay - Error: Cannot find module 'aws-sdk'
2019-01-21T09:57:04 INFO Local server started at port 3333
2019-01-21T09:58:32 INFO Local server started at port 3333
2019-01-21T10:00:34 INFO Local server started at port 3333
2019-01-21T10:05:54 INFO Local server started at port 3333
2019-01-21T10:09:47 INFO Local server started at port 3333
2019-01-21T10:10:16 INFO Local server started at port 3333
2019-01-21T10:10:52 INFO Local server started at port 3333
2019-01-21T10:11:13 INFO Local server started at port 3333
2019-01-21T10:11:43 INFO Local server started at port 3333
2019-01-21T10:12:39 INFO Local server started at port 3333
2019-01-21T10:25:18 INFO Local server started at port 3333
2019-01-21T10:25:48 INFO Local server started at port 3333
2019-01-21T10:25:51 ERROR uncaughtException: resolve is not defined
	{"date":"Mon Jan 21 2019 15:55:51 GMT+0530 (India Standard Time)","process":{"pid":96045,"uid":501,"gid":20,"cwd":"/Users/pranjalsharma/Documents/kaktwans/apiGateWay","execPath":"/usr/local/bin/node","version":"v11.0.0","argv":["/usr/local/bin/node","/Users/pranjalsharma/Documents/kaktwans/apiGateWay/index.js"],"memoryUsage":{"rss":62197760,"heapTotal":39534592,"heapUsed":21239176,"external":17883747}},"os":{"loadavg":[1.3623046875,1.47998046875,1.5361328125],"uptime":6363805},"trace":[{"column":13,"file":"/Users/pranjalsharma/Documents/kaktwans/apiGateWay/models/crud.js","function":"_db.collection.insertOne","line":40,"method":"insertOne","native":false},{"column":18,"file":"/Users/pranjalsharma/Documents/kaktwans/apiGateWay/node_modules/mongodb/lib/collection.js","function":null,"line":446,"method":null,"native":false},{"column":56,"file":"/Users/pranjalsharma/Documents/kaktwans/apiGateWay/node_modules/mongodb/lib/utils.js","function":"handleCallback","line":120,"method":null,"native":false},{"column":5,"file":"/Users/pranjalsharma/Documents/kaktwans/apiGateWay/node_modules/mongodb/lib/collection.js","function":null,"line":752,"method":null,"native":false},{"column":18,"file":"/Users/pranjalsharma/Documents/kaktwans/apiGateWay/node_modules/mongodb-core/lib/connection/pool.js","function":null,"line":469,"method":null,"native":false},{"column":11,"file":"internal/process/next_tick.js","function":"process.internalTickCallback","line":70,"method":"internalTickCallback","native":false}],"stack":["ReferenceError: resolve is not defined","    at _db.collection.insertOne (/Users/pranjalsharma/Documents/kaktwans/apiGateWay/models/crud.js:40:13)","    at /Users/pranjalsharma/Documents/kaktwans/apiGateWay/node_modules/mongodb/lib/collection.js:446:18","    at handleCallback (/Users/pranjalsharma/Documents/kaktwans/apiGateWay/node_modules/mongodb/lib/utils.js:120:56)","    at /Users/pranjalsharma/Documents/kaktwans/apiGateWay/node_modules/mongodb/lib/collection.js:752:5","    at /Users/pranjalsharma/Documents/kaktwans/apiGateWay/node_modules/mongodb-core/lib/connection/pool.js:469:18","    at process.internalTickCallback (internal/process/next_tick.js:70:11)"]}
2019-01-21T10:28:17 INFO Local server started at port 3333
2019-01-21T10:28:21 ERROR uncaughtException: resolve is not defined
	{"date":"Mon Jan 21 2019 15:58:21 GMT+0530 (India Standard Time)","process":{"pid":96050,"uid":501,"gid":20,"cwd":"/Users/pranjalsharma/Documents/kaktwans/apiGateWay","execPath":"/usr/local/bin/node","version":"v11.0.0","argv":["/usr/local/bin/node","/Users/pranjalsharma/Documents/kaktwans/apiGateWay/index.js"],"memoryUsage":{"rss":62832640,"heapTotal":39534592,"heapUsed":20965120,"external":17860615}},"os":{"loadavg":[1.2763671875,1.41796875,1.4990234375],"uptime":6363955},"trace":[{"column":13,"file":"/Users/pranjalsharma/Documents/kaktwans/apiGateWay/models/crud.js","function":"_db.collection.insertOne","line":40,"method":"insertOne","native":false},{"column":18,"file":"/Users/pranjalsharma/Documents/kaktwans/apiGateWay/node_modules/mongodb/lib/collection.js","function":null,"line":446,"method":null,"native":false},{"column":56,"file":"/Users/pranjalsharma/Documents/kaktwans/apiGateWay/node_modules/mongodb/lib/utils.js","function":"handleCallback","line":120,"method":null,"native":false},{"column":5,"file":"/Users/pranjalsharma/Documents/kaktwans/apiGateWay/node_modules/mongodb/lib/collection.js","function":null,"line":752,"method":null,"native":false},{"column":18,"file":"/Users/pranjalsharma/Documents/kaktwans/apiGateWay/node_modules/mongodb-core/lib/connection/pool.js","function":null,"line":469,"method":null,"native":false},{"column":11,"file":"internal/process/next_tick.js","function":"process.internalTickCallback","line":70,"method":"internalTickCallback","native":false}],"stack":["ReferenceError: resolve is not defined","    at _db.collection.insertOne (/Users/pranjalsharma/Documents/kaktwans/apiGateWay/models/crud.js:40:13)","    at /Users/pranjalsharma/Documents/kaktwans/apiGateWay/node_modules/mongodb/lib/collection.js:446:18","    at handleCallback (/Users/pranjalsharma/Documents/kaktwans/apiGateWay/node_modules/mongodb/lib/utils.js:120:56)","    at /Users/pranjalsharma/Documents/kaktwans/apiGateWay/node_modules/mongodb/lib/collection.js:752:5","    at /Users/pranjalsharma/Documents/kaktwans/apiGateWay/node_modules/mongodb-core/lib/connection/pool.js:469:18","    at process.internalTickCallback (internal/process/next_tick.js:70:11)"]}
2019-01-21T10:28:58 INFO Local server started at port 3333
2019-01-21T10:30:07 INFO Local server started at port 3333
2019-01-21T10:31:21 INFO Local server started at port 3333
2019-01-21T10:32:37 INFO Local server started at port 3333
2019-01-21T10:34:57 INFO Local server started at port 3333
2019-01-21T10:36:19 INFO Local server started at port 3333
2019-01-21T10:38:11 INFO Local server started at port 3333
2019-01-21T10:40:28 INFO Local server started at port 3333
2019-01-21T10:41:10 INFO Local server started at port 3333
2019-01-21T10:42:22 INFO Local server started at port 3333
2019-01-21T10:42:42 INFO Local server started at port 3333
2019-01-21T10:44:39 INFO Local server started at port 3333
2019-01-21T10:46:14 INFO Local server started at port 3333
2019-01-21T10:46:49 INFO Local server started at port 3333
2019-01-21T10:48:57 INFO Local server started at port 3333
2019-01-21T10:49:44 INFO Local server started at port 3333
2019-01-21T10:51:04 INFO Local server started at port 3333
2019-01-21T10:51:56 INFO Local server started at port 3333
2019-01-21T10:52:22 INFO Local server started at port 3333
2019-01-21T10:53:00 INFO Local server started at port 3333
2019-01-21T10:53:20 INFO Local server started at port 3333
2019-01-21T10:54:55 INFO Local server started at port 3333
2019-01-21T10:59:30 INFO Local server started at port 3333
2019-01-21T11:25:55 INFO Local server started at port 3333
2019-01-21T11:36:44 INFO Local server started at port 3333
2019-01-21T11:37:12 INFO Local server started at port 3333
2019-01-21T11:37:14 ERROR UUID=474fd02e-8421-40be-9090-14255d22840c UncaughtException is encountered Error=ReferenceError: obj is not defined Stacktrace=ReferenceError: obj is not defined
    at router.put (/Users/pranjalsharma/Documents/kaktwans/apiGateWay/controllers/SignUp.js:65:47)
    at Layer.handle [as handle_request] (/Users/pranjalsharma/Documents/kaktwans/apiGateWay/node_modules/express/lib/router/layer.js:95:5)
    at next (/Users/pranjalsharma/Documents/kaktwans/apiGateWay/node_modules/express/lib/router/route.js:137:13)
    at Route.dispatch (/Users/pranjalsharma/Documents/kaktwans/apiGateWay/node_modules/express/lib/router/route.js:112:3)
    at Layer.handle [as handle_request] (/Users/pranjalsharma/Documents/kaktwans/apiGateWay/node_modules/express/lib/router/layer.js:95:5)
    at /Users/pranjalsharma/Documents/kaktwans/apiGateWay/node_modules/express/lib/router/index.js:281:22
    at Function.process_params (/Users/pranjalsharma/Documents/kaktwans/apiGateWay/node_modules/express/lib/router/index.js:335:12)
    at next (/Users/pranjalsharma/Documents/kaktwans/apiGateWay/node_modules/express/lib/router/index.js:275:10)
    at Function.handle (/Users/pranjalsharma/Documents/kaktwans/apiGateWay/node_modules/express/lib/router/index.js:174:3)
    at router (/Users/pranjalsharma/Documents/kaktwans/apiGateWay/node_modules/express/lib/router/index.js:47:12)
2019-01-21T11:37:23 ERROR UUID=2610040a-875c-4f7a-a3bc-db03b37c9afd UncaughtException is encountered Error=ReferenceError: obj is not defined Stacktrace=ReferenceError: obj is not defined
    at router.put (/Users/pranjalsharma/Documents/kaktwans/apiGateWay/controllers/SignUp.js:65:47)
    at Layer.handle [as handle_request] (/Users/pranjalsharma/Documents/kaktwans/apiGateWay/node_modules/express/lib/router/layer.js:95:5)
    at next (/Users/pranjalsharma/Documents/kaktwans/apiGateWay/node_modules/express/lib/router/route.js:137:13)
    at Route.dispatch (/Users/pranjalsharma/Documents/kaktwans/apiGateWay/node_modules/express/lib/router/route.js:112:3)
    at Layer.handle [as handle_request] (/Users/pranjalsharma/Documents/kaktwans/apiGateWay/node_modules/express/lib/router/layer.js:95:5)
    at /Users/pranjalsharma/Documents/kaktwans/apiGateWay/node_modules/express/lib/router/index.js:281:22
    at Function.process_params (/Users/pranjalsharma/Documents/kaktwans/apiGateWay/node_modules/express/lib/router/index.js:335:12)
    at next (/Users/pranjalsharma/Documents/kaktwans/apiGateWay/node_modules/express/lib/router/index.js:275:10)
    at Function.handle (/Users/pranjalsharma/Documents/kaktwans/apiGateWay/node_modules/express/lib/router/index.js:174:3)
    at router (/Users/pranjalsharma/Documents/kaktwans/apiGateWay/node_modules/express/lib/router/index.js:47:12)
2019-01-21T11:37:39 INFO Local server started at port 3333
2019-01-21T11:37:41 ERROR UUID=68d5e120-442f-40b0-b003-63aee2eb1fe3 UncaughtException is encountered Error=ReferenceError: obj is not defined Stacktrace=ReferenceError: obj is not defined
    at router.put (/Users/pranjalsharma/Documents/kaktwans/apiGateWay/controllers/SignUp.js:65:47)
    at Layer.handle [as handle_request] (/Users/pranjalsharma/Documents/kaktwans/apiGateWay/node_modules/express/lib/router/layer.js:95:5)
    at next (/Users/pranjalsharma/Documents/kaktwans/apiGateWay/node_modules/express/lib/router/route.js:137:13)
    at Route.dispatch (/Users/pranjalsharma/Documents/kaktwans/apiGateWay/node_modules/express/lib/router/route.js:112:3)
    at Layer.handle [as handle_request] (/Users/pranjalsharma/Documents/kaktwans/apiGateWay/node_modules/express/lib/router/layer.js:95:5)
    at /Users/pranjalsharma/Documents/kaktwans/apiGateWay/node_modules/express/lib/router/index.js:281:22
    at Function.process_params (/Users/pranjalsharma/Documents/kaktwans/apiGateWay/node_modules/express/lib/router/index.js:335:12)
    at next (/Users/pranjalsharma/Documents/kaktwans/apiGateWay/node_modules/express/lib/router/index.js:275:10)
    at Function.handle (/Users/pranjalsharma/Documents/kaktwans/apiGateWay/node_modules/express/lib/router/index.js:174:3)
    at router (/Users/pranjalsharma/Documents/kaktwans/apiGateWay/node_modules/express/lib/router/index.js:47:12)
2019-01-21T11:38:17 INFO Local server started at port 3333
2019-01-21T11:38:19 ERROR UUID=31ce8217-986b-4c5a-a06b-cfb843c97b1f UncaughtException is encountered Error=ReferenceError: obj is not defined Stacktrace=ReferenceError: obj is not defined
    at router.put (/Users/pranjalsharma/Documents/kaktwans/apiGateWay/controllers/SignUp.js:66:47)
    at Layer.handle [as handle_request] (/Users/pranjalsharma/Documents/kaktwans/apiGateWay/node_modules/express/lib/router/layer.js:95:5)
    at next (/Users/pranjalsharma/Documents/kaktwans/apiGateWay/node_modules/express/lib/router/route.js:137:13)
    at Route.dispatch (/Users/pranjalsharma/Documents/kaktwans/apiGateWay/node_modules/express/lib/router/route.js:112:3)
    at Layer.handle [as handle_request] (/Users/pranjalsharma/Documents/kaktwans/apiGateWay/node_modules/express/lib/router/layer.js:95:5)
    at /Users/pranjalsharma/Documents/kaktwans/apiGateWay/node_modules/express/lib/router/index.js:281:22
    at Function.process_params (/Users/pranjalsharma/Documents/kaktwans/apiGateWay/node_modules/express/lib/router/index.js:335:12)
    at next (/Users/pranjalsharma/Documents/kaktwans/apiGateWay/node_modules/express/lib/router/index.js:275:10)
    at Function.handle (/Users/pranjalsharma/Documents/kaktwans/apiGateWay/node_modules/express/lib/router/index.js:174:3)
    at router (/Users/pranjalsharma/Documents/kaktwans/apiGateWay/node_modules/express/lib/router/index.js:47:12)
2019-01-21T11:39:25 INFO Local server started at port 3333
2019-01-21T11:40:07 INFO Local server started at port 3333
2019-01-21T11:40:36 INFO Local server started at port 3333
2019-01-21T11:41:04 INFO Local server started at port 3333
2019-01-21T11:41:26 INFO Local server started at port 3333
2019-01-21T11:48:53 INFO Local server started at port 3333
2019-01-21T11:48:56 ERROR Error occured at /Users/pranjalsharma/Documents/kaktwans/apiGateWay/controllers - line 72 - TypeError: this._db.collection(...).findOneAndRemove is not a function
2019-01-21T11:49:31 INFO Local server started at port 3333
2019-01-21T11:49:34 ERROR Error occured at /Users/pranjalsharma/Documents/kaktwans/apiGateWay/controllers - line 72 - TypeError: this._db.collection(...).findOneAndRemove is not a function
2019-01-21T11:50:55 INFO Local server started at port 3333
2019-01-21T11:50:58 ERROR Error occured at /Users/pranjalsharma/Documents/kaktwans/apiGateWay/controllers - line 72 - TypeError: this._db.collection(...).findOneAndRemove is not a function
2019-01-21T11:51:19 INFO Local server started at port 3333
2019-01-21T11:51:21 ERROR Error occured at /Users/pranjalsharma/Documents/kaktwans/apiGateWay/controllers - line 72 - TypeError: this._db.collection(...).findOneAndRemove is not a function
2019-01-21T11:52:19 INFO Local server started at port 3333
2019-01-21T14:50:42 ERROR Error occured at /Users/pranjalsharma/Documents/kaktwans/apiGateWay - SyntaxError: Unexpected token )
2019-01-21T15:18:49 ERROR Error occured at /Users/pranjalsharma/Documents/kaktwans/apiGateWay - SyntaxError: Unexpected token )
2019-01-21T15:21:48 ERROR Error occured at /Users/pranjalsharma/Documents/kaktwans/apiGateWay - SyntaxError: missing ) after argument list
2019-01-21T15:24:20 INFO Local server started at port 3333
2019-01-21T15:32:10 INFO Local server started at port 3333
2019-01-21T15:37:54 INFO Local server started at port 3333
2019-01-21T15:41:05 INFO Local server started at port 3333
2019-01-21T15:41:11 ERROR UUID=8012ab06-8a14-47ef-9212-f2533f512060 UncaughtException is encountered Error=TypeError: Cannot read property 'elements' of undefined Stacktrace=TypeError: Cannot read property 'elements' of undefined
    at router.patch (/Users/pranjalsharma/Documents/kaktwans/apiGateWay/controllers/SignUp.js:83:91)
    at Layer.handle [as handle_request] (/Users/pranjalsharma/Documents/kaktwans/apiGateWay/node_modules/express/lib/router/layer.js:95:5)
    at next (/Users/pranjalsharma/Documents/kaktwans/apiGateWay/node_modules/express/lib/router/route.js:137:13)
    at Route.dispatch (/Users/pranjalsharma/Documents/kaktwans/apiGateWay/node_modules/express/lib/router/route.js:112:3)
    at Layer.handle [as handle_request] (/Users/pranjalsharma/Documents/kaktwans/apiGateWay/node_modules/express/lib/router/layer.js:95:5)
    at /Users/pranjalsharma/Documents/kaktwans/apiGateWay/node_modules/express/lib/router/index.js:281:22
    at Function.process_params (/Users/pranjalsharma/Documents/kaktwans/apiGateWay/node_modules/express/lib/router/index.js:335:12)
    at next (/Users/pranjalsharma/Documents/kaktwans/apiGateWay/node_modules/express/lib/router/index.js:275:10)
    at Function.handle (/Users/pranjalsharma/Documents/kaktwans/apiGateWay/node_modules/express/lib/router/index.js:174:3)
    at router (/Users/pranjalsharma/Documents/kaktwans/apiGateWay/node_modules/express/lib/router/index.js:47:12)
2019-01-21T15:43:14 INFO Local server started at port 3333
2019-01-21T15:43:17 ERROR UUID=439299ad-140d-4765-9522-747f5cf0bedc UncaughtException is encountered Error=TypeError: Cannot read property 'elements' of undefined Stacktrace=TypeError: Cannot read property 'elements' of undefined
    at router.patch (/Users/pranjalsharma/Documents/kaktwans/apiGateWay/controllers/SignUp.js:83:91)
    at Layer.handle [as handle_request] (/Users/pranjalsharma/Documents/kaktwans/apiGateWay/node_modules/express/lib/router/layer.js:95:5)
    at next (/Users/pranjalsharma/Documents/kaktwans/apiGateWay/node_modules/express/lib/router/route.js:137:13)
    at Route.dispatch (/Users/pranjalsharma/Documents/kaktwans/apiGateWay/node_modules/express/lib/router/route.js:112:3)
    at Layer.handle [as handle_request] (/Users/pranjalsharma/Documents/kaktwans/apiGateWay/node_modules/express/lib/router/layer.js:95:5)
    at /Users/pranjalsharma/Documents/kaktwans/apiGateWay/node_modules/express/lib/router/index.js:281:22
    at Function.process_params (/Users/pranjalsharma/Documents/kaktwans/apiGateWay/node_modules/express/lib/router/index.js:335:12)
    at next (/Users/pranjalsharma/Documents/kaktwans/apiGateWay/node_modules/express/lib/router/index.js:275:10)
    at Function.handle (/Users/pranjalsharma/Documents/kaktwans/apiGateWay/node_modules/express/lib/router/index.js:174:3)
    at router (/Users/pranjalsharma/Documents/kaktwans/apiGateWay/node_modules/express/lib/router/index.js:47:12)
2019-01-21T15:43:48 INFO Local server started at port 3333
2019-01-21T15:45:01 INFO Local server started at port 3333
